GET - / - Wed, 24 Jul 2024 07:43:53 GMT - 8.341 ms
GET - /mockServiceWorker.js - Wed, 24 Jul 2024 07:43:55 GMT - 1.615 ms
GET - / - Wed, 24 Jul 2024 07:44:49 GMT - 9.912 ms
GET - / - Wed, 24 Jul 2024 07:44:51 GMT - 1.453 ms
GET - / - Wed, 24 Jul 2024 07:45:47 GMT - 8.004 ms
GET - / - Wed, 24 Jul 2024 07:45:48 GMT - 4.138 ms
GET - / - Wed, 24 Jul 2024 07:45:48 GMT - 0.819 ms
GET - / - Wed, 24 Jul 2024 07:45:48 GMT - 0.882 ms
GET - / - Wed, 24 Jul 2024 07:45:48 GMT - 1.366 ms
GET - / - Wed, 24 Jul 2024 07:45:49 GMT - 3.543 ms
GET - / - Wed, 24 Jul 2024 07:49:38 GMT - 0.802 ms
GET - /api/posts - Wed, 24 Jul 2024 07:52:14 GMT - 3.353 ms
GET - /api/posts - Wed, 24 Jul 2024 07:52:26 GMT - 1.137 ms
GET - /api/posts - Wed, 24 Jul 2024 07:52:30 GMT - 1.887 ms
GET - /api/posts - Wed, 24 Jul 2024 07:52:33 GMT - 1.812 ms
GET - /api/posts - Wed, 24 Jul 2024 07:52:38 GMT - 0.579 ms
GET - /signin - Wed, 24 Jul 2024 07:54:22 GMT - 5.685 ms
GET - /static/js/main.2f907954.js - Wed, 24 Jul 2024 07:54:22 GMT - 2.981 ms
GET - /static/css/main.ae92b145.css - Wed, 24 Jul 2024 07:54:22 GMT - 3.281 ms
GET - /manifest.json - Wed, 24 Jul 2024 07:54:22 GMT - 2.787 ms
GET - /favicon.ico - Wed, 24 Jul 2024 07:54:22 GMT - 4.150 ms
GET - / - Wed, 24 Jul 2024 07:54:27 GMT - 1.004 ms
GET - /static/js/main.2f907954.js - Wed, 24 Jul 2024 07:54:27 GMT - 3.104 ms
GET - /static/css/main.ae92b145.css - Wed, 24 Jul 2024 07:54:27 GMT - 0.685 ms
GET - /manifest.json - Wed, 24 Jul 2024 07:54:27 GMT - 2.658 ms
GET - /favicon.ico - Wed, 24 Jul 2024 07:54:27 GMT - 4.320 ms
GET - / - Wed, 24 Jul 2024 07:54:34 GMT - 0.852 ms
GET - /static/js/main.2f907954.js - Wed, 24 Jul 2024 07:54:34 GMT - 1.161 ms
GET - /static/css/main.ae92b145.css - Wed, 24 Jul 2024 07:54:34 GMT - 0.709 ms
GET - /manifest.json - Wed, 24 Jul 2024 07:54:34 GMT - 0.754 ms
GET - /favicon.ico - Wed, 24 Jul 2024 07:54:34 GMT - 1.970 ms
GET - / - Wed, 24 Jul 2024 07:55:59 GMT - 0.697 ms
GET - /static/js/main.2f907954.js - Wed, 24 Jul 2024 07:55:59 GMT - 0.941 ms
GET - /static/css/main.ae92b145.css - Wed, 24 Jul 2024 07:55:59 GMT - 1.905 ms
GET - /manifest.json - Wed, 24 Jul 2024 07:55:59 GMT - 0.728 ms
GET - /favicon.ico - Wed, 24 Jul 2024 07:55:59 GMT - 1.852 ms
GET - /static/css/main.ae92b145.css - Wed, 24 Jul 2024 07:56:03 GMT - 2.924 ms
GET - /manifest.json - Wed, 24 Jul 2024 07:56:03 GMT - 0.701 ms
GET - /manifest.json - Wed, 24 Jul 2024 07:56:07 GMT - 0.630 ms
GET - /manifest.json - Wed, 24 Jul 2024 07:56:11 GMT - 0.694 ms
GET - / - Wed, 24 Jul 2024 07:56:13 GMT - 0.775 ms
GET - /static/js/main.2f907954.js - Wed, 24 Jul 2024 07:56:13 GMT - 1.223 ms
GET - /static/css/main.ae92b145.css - Wed, 24 Jul 2024 07:56:13 GMT - 1.253 ms
GET - /manifest.json - Wed, 24 Jul 2024 07:56:14 GMT - 1.605 ms
GET - /favicon.ico - Wed, 24 Jul 2024 07:56:14 GMT - 0.800 ms
GET - /manifest.json - Wed, 24 Jul 2024 07:56:20 GMT - 0.935 ms
GET - /manifest.json - Wed, 24 Jul 2024 07:56:41 GMT - 1.768 ms
GET - /manifest.json - Wed, 24 Jul 2024 07:56:41 GMT - 1.050 ms
GET - /manifest.json - Wed, 24 Jul 2024 07:56:44 GMT - 0.648 ms
GET - /manifest.json - Wed, 24 Jul 2024 07:56:44 GMT - 0.791 ms
GET - /home - Wed, 24 Jul 2024 07:56:47 GMT - 2.881 ms
GET - /static/js/main.2f907954.js - Wed, 24 Jul 2024 07:56:47 GMT - 0.958 ms
GET - /static/css/main.ae92b145.css - Wed, 24 Jul 2024 07:56:47 GMT - 0.843 ms
GET - /manifest.json - Wed, 24 Jul 2024 07:56:47 GMT - 0.851 ms
GET - /manifest.json - Wed, 24 Jul 2024 07:56:47 GMT - 0.895 ms
GET - /favicon.ico - Wed, 24 Jul 2024 07:56:48 GMT - 1.871 ms
GET - /manifest.json - Wed, 24 Jul 2024 07:56:48 GMT - 0.589 ms
GET - /dashboard - Wed, 24 Jul 2024 07:56:58 GMT - 1.424 ms
GET - /static/js/main.2f907954.js - Wed, 24 Jul 2024 07:56:59 GMT - 1.363 ms
GET - /static/css/main.ae92b145.css - Wed, 24 Jul 2024 07:56:59 GMT - 0.715 ms
GET - /manifest.json - Wed, 24 Jul 2024 07:56:59 GMT - 0.745 ms
GET - /favicon.ico - Wed, 24 Jul 2024 07:56:59 GMT - 0.760 ms
GET - / - Wed, 24 Jul 2024 07:57:03 GMT - 1.536 ms
GET - /static/js/main.2f907954.js - Wed, 24 Jul 2024 07:57:04 GMT - 1.933 ms
GET - /static/css/main.ae92b145.css - Wed, 24 Jul 2024 07:57:04 GMT - 0.892 ms
GET - /manifest.json - Wed, 24 Jul 2024 07:57:04 GMT - 2.151 ms
GET - /favicon.ico - Wed, 24 Jul 2024 07:57:04 GMT - 0.772 ms
GET - /users - Wed, 24 Jul 2024 07:57:24 GMT - 1.072 ms
GET - /users1 - Wed, 24 Jul 2024 07:57:37 GMT - 1.271 ms
GET - / - Wed, 24 Jul 2024 07:57:51 GMT - 1.236 ms
GET - / - Wed, 24 Jul 2024 08:02:32 GMT - 4.316 ms
GET - / - Wed, 24 Jul 2024 08:16:01 GMT - 4.269 ms
GET - / - Wed, 24 Jul 2024 08:16:40 GMT - 4.368 ms
GET - / - Wed, 24 Jul 2024 08:16:41 GMT - 3.575 ms
GET - / - Wed, 24 Jul 2024 08:16:41 GMT - 1.369 ms
GET - / - Wed, 24 Jul 2024 08:16:41 GMT - 1.279 ms
GET - / - Wed, 24 Jul 2024 08:16:41 GMT - 0.754 ms
GET - / - Wed, 24 Jul 2024 08:16:42 GMT - 0.681 ms
GET - / - Wed, 24 Jul 2024 08:16:44 GMT - 1.454 ms
GET - / - Wed, 24 Jul 2024 08:25:25 GMT - 5.685 ms
GET - / - Wed, 24 Jul 2024 08:25:27 GMT - 2.065 ms
GET - / - Wed, 24 Jul 2024 08:25:35 GMT - 1.058 ms
GET - / - Wed, 24 Jul 2024 08:27:28 GMT - 9.814 ms
GET - /static/js/main.2f907954.js - Wed, 24 Jul 2024 08:27:28 GMT - 3.341 ms
GET - /static/css/main.ae92b145.css - Wed, 24 Jul 2024 08:27:28 GMT - 9.381 ms
GET - /favicon.ico - Wed, 24 Jul 2024 08:27:28 GMT - 4.675 ms
GET - /manifest.json - Wed, 24 Jul 2024 08:27:28 GMT - 5.616 ms
GET - / - Wed, 24 Jul 2024 08:27:29 GMT - 0.694 ms
GET - /static/js/main.2f907954.js - Wed, 24 Jul 2024 08:27:29 GMT - 3.993 ms
GET - /static/css/main.ae92b145.css - Wed, 24 Jul 2024 08:27:29 GMT - 2.225 ms
GET - /manifest.json - Wed, 24 Jul 2024 08:27:29 GMT - 1.871 ms
GET - /favicon.ico - Wed, 24 Jul 2024 08:27:29 GMT - 3.001 ms
GET - / - Wed, 24 Jul 2024 08:27:30 GMT - 1.605 ms
GET - /static/js/main.2f907954.js - Wed, 24 Jul 2024 08:27:30 GMT - 2.059 ms
GET - /static/css/main.ae92b145.css - Wed, 24 Jul 2024 08:27:30 GMT - 1.274 ms
GET - /manifest.json - Wed, 24 Jul 2024 08:27:30 GMT - 1.766 ms
GET - /favicon.ico - Wed, 24 Jul 2024 08:27:30 GMT - 3.241 ms
GET - / - Wed, 24 Jul 2024 08:27:31 GMT - 0.861 ms
GET - /static/js/main.2f907954.js - Wed, 24 Jul 2024 08:27:31 GMT - 1.484 ms
GET - /static/css/main.ae92b145.css - Wed, 24 Jul 2024 08:27:31 GMT - 0.980 ms
GET - /manifest.json - Wed, 24 Jul 2024 08:27:31 GMT - 1.001 ms
GET - /favicon.ico - Wed, 24 Jul 2024 08:27:31 GMT - 2.308 ms
GET - / - Wed, 24 Jul 2024 08:27:32 GMT - 0.643 ms
GET - /static/js/main.2f907954.js - Wed, 24 Jul 2024 08:27:32 GMT - 0.922 ms
GET - /static/css/main.ae92b145.css - Wed, 24 Jul 2024 08:27:32 GMT - 0.597 ms
GET - /manifest.json - Wed, 24 Jul 2024 08:27:33 GMT - 1.057 ms
GET - /favicon.ico - Wed, 24 Jul 2024 08:27:33 GMT - 2.990 ms
GET - / - Wed, 24 Jul 2024 08:27:56 GMT - 6.174 ms
GET - /static/js/main.2f907954.js - Wed, 24 Jul 2024 08:27:57 GMT - 1.787 ms
GET - /static/css/main.ae92b145.css - Wed, 24 Jul 2024 08:27:57 GMT - 1.729 ms
GET - /manifest.json - Wed, 24 Jul 2024 08:27:57 GMT - 1.777 ms
GET - /favicon.ico - Wed, 24 Jul 2024 08:27:57 GMT - 2.551 ms
GET - / - Wed, 24 Jul 2024 08:27:59 GMT - 0.599 ms
GET - /static/js/main.2f907954.js - Wed, 24 Jul 2024 08:27:59 GMT - 2.083 ms
GET - /static/css/main.ae92b145.css - Wed, 24 Jul 2024 08:27:59 GMT - 8.195 ms
GET - /manifest.json - Wed, 24 Jul 2024 08:27:59 GMT - 1.985 ms
GET - /favicon.ico - Wed, 24 Jul 2024 08:27:59 GMT - 3.047 ms
GET - / - Wed, 24 Jul 2024 08:28:11 GMT - 6.957 ms
GET - /static/js/main.2f907954.js - Wed, 24 Jul 2024 08:28:11 GMT - 2.398 ms
GET - /static/css/main.ae92b145.css - Wed, 24 Jul 2024 08:28:11 GMT - 5.077 ms
GET - /manifest.json - Wed, 24 Jul 2024 08:28:11 GMT - 1.916 ms
GET - /favicon.ico - Wed, 24 Jul 2024 08:28:11 GMT - 2.812 ms
GET - /api/posts - Wed, 24 Jul 2024 08:28:31 GMT - 2.489 ms
GET - /api/posts - Wed, 24 Jul 2024 08:28:33 GMT - 0.560 ms
GET - /api/posts - Wed, 24 Jul 2024 08:28:33 GMT - 0.480 ms
GET - /admin - Wed, 24 Jul 2024 08:30:18 GMT - 7.016 ms
GET - /admin/login - Wed, 24 Jul 2024 08:30:18 GMT - 309.208 ms
GET - /admin/login - Wed, 24 Jul 2024 08:31:56 GMT - 9.359 ms
GET - /static/js/main.2f907954.js - Wed, 24 Jul 2024 08:31:56 GMT - 6.784 ms
GET - /static/css/main.ae92b145.css - Wed, 24 Jul 2024 08:31:56 GMT - 7.046 ms
GET - /admin - Wed, 24 Jul 2024 08:32:02 GMT - 6.743 ms
GET - /admin/login - Wed, 24 Jul 2024 08:32:02 GMT - 1.609 ms
GET - /static/js/main.2f907954.js - Wed, 24 Jul 2024 08:32:02 GMT - 2.521 ms
GET - /static/css/main.ae92b145.css - Wed, 24 Jul 2024 08:32:02 GMT - 0.827 ms
GET - /admin/login - Wed, 24 Jul 2024 08:32:21 GMT - 9.609 ms
GET - /static/js/main.2f907954.js - Wed, 24 Jul 2024 08:32:22 GMT - 2.328 ms
GET - /static/css/main.ae92b145.css - Wed, 24 Jul 2024 08:32:22 GMT - 1.104 ms
GET - /admin - Wed, 24 Jul 2024 08:32:24 GMT - 9.661 ms
GET - /admin/login - Wed, 24 Jul 2024 08:32:24 GMT - 2.737 ms
GET - /static/js/main.2f907954.js - Wed, 24 Jul 2024 08:32:24 GMT - 3.505 ms
GET - /static/css/main.ae92b145.css - Wed, 24 Jul 2024 08:32:24 GMT - 9.521 ms
GET - /admin/login - Wed, 24 Jul 2024 08:32:54 GMT - 263.119 ms
GET - /admin - Wed, 24 Jul 2024 08:32:58 GMT - 6.177 ms
GET - /admin/login - Wed, 24 Jul 2024 08:32:58 GMT - 2.174 ms
GET - /admin - Wed, 24 Jul 2024 08:32:58 GMT - 1.772 ms
GET - /admin/login - Wed, 24 Jul 2024 08:32:58 GMT - 1.872 ms
GET - /signin - Wed, 24 Jul 2024 08:34:30 GMT - 3.112 ms
GET - /static/js/main.2f907954.js - Wed, 24 Jul 2024 08:34:30 GMT - 1.316 ms
GET - /static/css/main.ae92b145.css - Wed, 24 Jul 2024 08:34:30 GMT - 2.558 ms
GET - /signin - Wed, 24 Jul 2024 08:34:34 GMT - 1.869 ms
GET - /static/js/main.2f907954.js - Wed, 24 Jul 2024 08:34:34 GMT - 0.836 ms
GET - /static/css/main.ae92b145.css - Wed, 24 Jul 2024 08:34:34 GMT - 0.875 ms
GET - /signin - Wed, 24 Jul 2024 08:35:36 GMT - 2.191 ms
GET - /static/js/main.2f907954.js - Wed, 24 Jul 2024 08:35:36 GMT - 1.078 ms
GET - /static/css/main.ae92b145.css - Wed, 24 Jul 2024 08:35:36 GMT - 0.984 ms
GET - /static/css/main.ae92b145.css - Wed, 24 Jul 2024 08:35:45 GMT - 0.922 ms
GET - /signin - Wed, 24 Jul 2024 08:37:56 GMT - 3.313 ms
GET - /Dashboard - Wed, 24 Jul 2024 08:44:22 GMT - 1.685 ms
GET - /Dashboard - Wed, 24 Jul 2024 08:44:23 GMT - 0.920 ms
GET - /Dashboard - Wed, 24 Jul 2024 08:44:24 GMT - 0.841 ms
GET - /signup - Sat, 03 Aug 2024 07:03:00 GMT - 7.686 ms
POST - /api/signup - Sat, 03 Aug 2024 07:50:11 GMT - 79.657 ms
POST - /api/signup - Sat, 03 Aug 2024 07:51:28 GMT - 42.707 ms
POST - /api/signup - Sat, 03 Aug 2024 07:51:30 GMT - 46.211 ms
POST - /api/signup - Sat, 03 Aug 2024 07:58:42 GMT - 259.111 ms
POST - /api/signup - Sat, 03 Aug 2024 07:59:40 GMT - 53.913 ms
POST - /api/signup - Sat, 03 Aug 2024 07:59:57 GMT - 182.678 ms
OPTIONS - /api/signup - Sat, 03 Aug 2024 08:03:03 GMT - 0.670 ms
OPTIONS - /api/signup - Sat, 03 Aug 2024 08:03:57 GMT - 0.338 ms
OPTIONS - /api/signup - Sat, 03 Aug 2024 08:10:30 GMT - 2.438 ms
OPTIONS - /api/signup - Sat, 03 Aug 2024 08:20:58 GMT - 5.099 ms
OPTIONS - /api/signup - Sat, 03 Aug 2024 08:21:06 GMT - 0.522 ms
OPTIONS - /api/signup - Sat, 03 Aug 2024 08:24:20 GMT - 2.636 ms
OPTIONS - /api/signup - Sat, 03 Aug 2024 08:28:08 GMT - 3.265 ms
OPTIONS - /api/signup - Sat, 03 Aug 2024 08:28:11 GMT - 0.492 ms
OPTIONS - /api/signup - Sat, 03 Aug 2024 08:28:13 GMT - 0.352 ms
OPTIONS - /api/signup - Sat, 03 Aug 2024 08:30:32 GMT - 2.613 ms
OPTIONS - /api/signup - Sat, 03 Aug 2024 08:30:33 GMT - 0.711 ms
OPTIONS - /api/signup - Sat, 03 Aug 2024 08:30:33 GMT - 0.567 ms
OPTIONS - /api/signup - Sat, 03 Aug 2024 08:30:34 GMT - 0.354 ms
OPTIONS - /api/signup - Sat, 03 Aug 2024 08:30:34 GMT - 0.488 ms
OPTIONS - /api/signup - Sat, 03 Aug 2024 08:30:34 GMT - 0.819 ms
OPTIONS - /api/signup - Sat, 03 Aug 2024 08:30:34 GMT - 0.421 ms
OPTIONS - /api/signup - Sat, 03 Aug 2024 08:30:34 GMT - 0.401 ms
OPTIONS - /api/signup - Sat, 03 Aug 2024 08:30:34 GMT - 0.564 ms
OPTIONS - /api/signup - Sat, 03 Aug 2024 08:31:47 GMT - 2.778 ms
POST - /api/signup - Sat, 03 Aug 2024 08:33:46 GMT - 213.659 ms
POST - /api/signup - Sat, 03 Aug 2024 08:34:35 GMT - 196.353 ms
POST - /api/signup - Sat, 03 Aug 2024 08:37:57 GMT - 200.684 ms
POST - /api/signup - Sat, 03 Aug 2024 08:40:14 GMT - 181.294 ms
POST - /api/signup - Sat, 03 Aug 2024 08:49:11 GMT - 70.785 ms
POST - /api/signup - Sat, 03 Aug 2024 08:49:18 GMT - 60.162 ms
POST - /api/signup - Sat, 03 Aug 2024 08:49:32 GMT - 46.034 ms
POST - /api/signup - Sat, 03 Aug 2024 08:49:36 GMT - 43.443 ms
POST - /api/signup - Sat, 03 Aug 2024 08:49:37 GMT - 42.427 ms
POST - /api/signup - Sat, 03 Aug 2024 08:49:37 GMT - 43.059 ms
POST - /api/signup - Sat, 03 Aug 2024 08:49:37 GMT - 41.882 ms
POST - /api/signup - Sat, 03 Aug 2024 08:49:38 GMT - 42.560 ms
POST - /api/signup - Sat, 03 Aug 2024 08:53:39 GMT - 87.373 ms
POST - /api/signup - Sat, 03 Aug 2024 08:53:58 GMT - 193.681 ms
POST - /api/signup - Sat, 03 Aug 2024 08:55:14 GMT - 83.922 ms
POST - /api/signup - Sat, 03 Aug 2024 08:55:25 GMT - 44.322 ms
POST - /api/signup - Sat, 03 Aug 2024 08:55:28 GMT - 44.138 ms
POST - /api/signup - Sat, 03 Aug 2024 08:55:29 GMT - 46.287 ms
POST - /api/signup - Sat, 03 Aug 2024 08:55:29 GMT - 53.755 ms
POST - /api/signup - Sat, 03 Aug 2024 08:55:29 GMT - 43.738 ms
POST - /api/signup - Sat, 03 Aug 2024 08:55:29 GMT - 46.020 ms
POST - /api/signup - Sat, 03 Aug 2024 08:55:40 GMT - 193.854 ms
GET - /api/signup - Sat, 03 Aug 2024 10:06:57 GMT - 6.212 ms
GET - /api/signup - Sat, 03 Aug 2024 10:07:47 GMT - 1.170 ms
POST - /api/signup - Sat, 03 Aug 2024 10:08:05 GMT - 245.839 ms
POST - /api/signup - Sat, 03 Aug 2024 10:10:51 GMT - 227.775 ms
POST - /api/signup - Mon, 05 Aug 2024 14:20:39 GMT - 111.627 ms
POST - /api/signup - Mon, 05 Aug 2024 14:20:40 GMT - 65.862 ms
POST - /api/signup - Mon, 05 Aug 2024 14:20:40 GMT - 61.489 ms
POST - /api/signup - Mon, 05 Aug 2024 14:20:40 GMT - 66.551 ms
POST - /api/signup - Mon, 05 Aug 2024 14:28:51 GMT - 55.555 ms
POST - /api/signup - Mon, 05 Aug 2024 14:28:51 GMT - 58.990 ms
POST - /api/signup - Mon, 05 Aug 2024 14:28:51 GMT - 53.849 ms
POST - /api/signup - Mon, 05 Aug 2024 14:28:52 GMT - 54.110 ms
POST - /api/signup - Mon, 05 Aug 2024 14:28:52 GMT - 54.887 ms
POST - /api/signup - Mon, 05 Aug 2024 14:28:52 GMT - 57.735 ms
POST - /api/signup - Mon, 05 Aug 2024 14:28:54 GMT - 55.792 ms
POST - /api/signup - Mon, 05 Aug 2024 14:28:55 GMT - 63.834 ms
POST - /api/signup - Mon, 05 Aug 2024 14:28:55 GMT - 60.773 ms
POST - /api/signup - Mon, 05 Aug 2024 14:30:06 GMT - 185.854 ms
POST - /api/signup - Mon, 05 Aug 2024 14:31:01 GMT - 55.720 ms
POST - /api/signup - Mon, 05 Aug 2024 14:53:11 GMT - 183.554 ms
POST - /api/signup - Mon, 05 Aug 2024 14:53:26 GMT - 178.463 ms
POST - /api/signup - Mon, 05 Aug 2024 14:53:52 GMT - 180.879 ms
POST - /api/signup - Tue, 06 Aug 2024 06:10:07 GMT - 91.860 ms
POST - /api/signup - Tue, 06 Aug 2024 06:10:11 GMT - 80.031 ms
POST - /api/signup - Tue, 06 Aug 2024 06:10:14 GMT - 48.924 ms
POST - /api/signup - Tue, 06 Aug 2024 06:10:20 GMT - 43.499 ms
POST - /api/signup - Tue, 06 Aug 2024 06:10:44 GMT - 542.658 ms
POST - /api/signup - Tue, 06 Aug 2024 06:11:38 GMT - 46.431 ms
POST - /api/signup - Tue, 06 Aug 2024 06:14:54 GMT - 208.838 ms
POST - /api/signup - Wed, 07 Aug 2024 08:46:42 GMT - 88.109 ms
POST - /api/signup - Wed, 07 Aug 2024 08:46:43 GMT - 64.428 ms
POST - /api/signup - Wed, 07 Aug 2024 08:46:43 GMT - 62.195 ms
POST - /api/signup - Wed, 07 Aug 2024 08:46:43 GMT - 60.564 ms
POST - /api/signup - Wed, 07 Aug 2024 08:46:43 GMT - 76.023 ms
POST - /api/signup - Wed, 07 Aug 2024 08:46:44 GMT - 71.157 ms
POST - /api/signup - Wed, 07 Aug 2024 08:46:44 GMT - 62.481 ms
POST - /api/signup - Wed, 07 Aug 2024 08:46:47 GMT - 62.215 ms
POST - /api/signup - Wed, 07 Aug 2024 08:46:47 GMT - 73.440 ms
POST - /api/signup - Wed, 07 Aug 2024 08:46:47 GMT - 54.126 ms
POST - /api/signup - Wed, 07 Aug 2024 08:46:47 GMT - 55.310 ms
POST - /api/signup - Wed, 07 Aug 2024 08:46:47 GMT - 57.481 ms
